[18:01:31.925] Global cache location '/home/eko/.cache/typescript/4.7', safe file path '/usr/lib/node_modules/typescript/lib/typingSafeList.json', types map path /usr/lib/node_modules/typescript/lib/typesMap.json
[18:01:31.926] Processing cache location '/home/eko/.cache/typescript/4.7'
[18:01:31.926] Trying to find '/home/eko/.cache/typescript/4.7/package.json'...
[18:01:32.090] Loaded content of '/home/eko/.cache/typescript/4.7/package.json': {"private":true,"dependencies":{"types-registry":"^0.1.605"},"devDependencies":{"@types/dot":"^1.1.5","@types/react":"^18.0.15","@types/react-dom":"^18.0.5","@types/react-transition-group":"^4.4.5","@types/react-type-animation":"^1.1.1","@types/testing-library__jest-dom":"^5.14.5"}}
[18:01:32.091] Loaded content of '/home/eko/.cache/typescript/4.7/package-lock.json'
[18:01:32.131] Adding entry into typings cache: 'dot' => '/home/eko/.cache/typescript/4.7/node_modules/@types/dot/index.d.ts'
[18:01:32.163] Adding entry into typings cache: 'react' => '/home/eko/.cache/typescript/4.7/node_modules/@types/react/index.d.ts'
[18:01:32.175] Adding entry into typings cache: 'react-dom' => '/home/eko/.cache/typescript/4.7/node_modules/@types/react-dom/index.d.ts'
[18:01:32.185] Adding entry into typings cache: 'react-transition-group' => '/home/eko/.cache/typescript/4.7/node_modules/@types/react-transition-group/index.d.ts'
[18:01:32.194] Adding entry into typings cache: 'react-type-animation' => '/home/eko/.cache/typescript/4.7/node_modules/@types/react-type-animation/index.d.ts'
[18:01:32.207] Adding entry into typings cache: 'testing-library__jest-dom' => '/home/eko/.cache/typescript/4.7/node_modules/@types/testing-library__jest-dom/index.d.ts'
[18:01:32.207] Finished processing cache location '/home/eko/.cache/typescript/4.7'
[18:01:32.207] Process id: 1610924
[18:01:32.207] NPM location: /usr/local/bin/npm (explicit '--npmLocation' not  provided)
[18:01:32.207] validateDefaultNpmLocation: false
[18:01:32.207] Npm config file: /home/eko/.cache/typescript/4.7/package.json
[18:01:32.208] Updating types-registry npm package...
[18:01:32.208] Exec: /usr/local/bin/npm install --ignore-scripts types-registry@latest
[18:01:33.716]     Succeeded. stdout:
    
    up to date, audited 28 packages in 1s

3 packages are looking for funding
  run `npm fund` for details

found 0 vulnerabilities

[18:01:33.716] Updated types-registry npm package
