[09:44:20.594] Global cache location '/home/eko/.cache/typescript/4.7', safe file path '/usr/lib/node_modules/typescript/lib/typingSafeList.json', types map path /usr/lib/node_modules/typescript/lib/typesMap.json
[09:44:20.595] Processing cache location '/home/eko/.cache/typescript/4.7'
[09:44:20.595] Trying to find '/home/eko/.cache/typescript/4.7/package.json'...
[09:44:20.596] Loaded content of '/home/eko/.cache/typescript/4.7/package.json': {"private":true,"dependencies":{"types-registry":"^0.1.605"},"devDependencies":{"@types/dot":"^1.1.5","@types/react":"^18.0.15","@types/react-dom":"^18.0.5","@types/react-transition-group":"^4.4.5","@types/react-type-animation":"^1.1.1","@types/testing-library__jest-dom":"^5.14.5"}}
[09:44:20.596] Loaded content of '/home/eko/.cache/typescript/4.7/package-lock.json'
[09:44:20.609] Adding entry into typings cache: 'dot' => '/home/eko/.cache/typescript/4.7/node_modules/@types/dot/index.d.ts'
[09:44:20.614] Adding entry into typings cache: 'react' => '/home/eko/.cache/typescript/4.7/node_modules/@types/react/index.d.ts'
[09:44:20.615] Adding entry into typings cache: 'react-dom' => '/home/eko/.cache/typescript/4.7/node_modules/@types/react-dom/index.d.ts'
[09:44:20.617] Adding entry into typings cache: 'react-transition-group' => '/home/eko/.cache/typescript/4.7/node_modules/@types/react-transition-group/index.d.ts'
[09:44:20.618] Adding entry into typings cache: 'react-type-animation' => '/home/eko/.cache/typescript/4.7/node_modules/@types/react-type-animation/index.d.ts'
[09:44:20.620] Adding entry into typings cache: 'testing-library__jest-dom' => '/home/eko/.cache/typescript/4.7/node_modules/@types/testing-library__jest-dom/index.d.ts'
[09:44:20.621] Finished processing cache location '/home/eko/.cache/typescript/4.7'
[09:44:20.621] Process id: 924175
[09:44:20.621] NPM location: /usr/local/bin/npm (explicit '--npmLocation' not  provided)
[09:44:20.621] validateDefaultNpmLocation: false
[09:44:20.621] Npm config file: /home/eko/.cache/typescript/4.7/package.json
[09:44:20.621] Updating types-registry npm package...
[09:44:20.621] Exec: /usr/local/bin/npm install --ignore-scripts types-registry@latest
[09:44:21.564]     Succeeded. stdout:
    
    up to date, audited 28 packages in 672ms

3 packages are looking for funding
  run `npm fund` for details

found 0 vulnerabilities

[09:44:21.564] Updated types-registry npm package
[12:48:10.911] Got install request {"projectName":"/dev/null/inferredProject3*","fileNames":[],"compilerOptions":{"module":1,"target":3,"jsx":1,"allowJs":true,"allowSyntheticDefaultImports":true,"allowNonTsExtensions":true,"noEmitForJsFiles":true},"typeAcquisition":{"enable":true,"include":[],"exclude":[]},"unresolvedImports":[],"projectRootPath":"/home/eko/code/pizza/src/Contexts/ToppingContext/Effects","kind":"discover"}
[12:48:10.938] Loaded safelist from types map file '/usr/lib/node_modules/typescript/lib/typesMap.json'
[12:48:10.939] Explicitly included types: []
[12:48:10.939] Inferred typings from unresolved imports: []
[12:48:10.939] Result: {"cachedTypingPaths":[],"newTypingNames":[],"filesToWatch":["/home/eko/code/pizza/src/Contexts/ToppingContext/Effects/bower_components","/home/eko/code/pizza/src/Contexts/ToppingContext/Effects/node_modules"]}
[12:48:10.939] Finished typings discovery: {"cachedTypingPaths":[],"newTypingNames":[],"filesToWatch":["/home/eko/code/pizza/src/Contexts/ToppingContext/Effects/bower_components","/home/eko/code/pizza/src/Contexts/ToppingContext/Effects/node_modules"]}
[12:48:10.940] DirectoryWatcher:: Added:: WatchInfo: /home/eko/code/pizza/src/Contexts/ToppingContext/Effects/bower_components
[12:48:10.940] DirectoryWatcher:: Added:: WatchInfo: /home/eko/code/pizza/src/Contexts/ToppingContext/Effects/bower_components 1 undefined Project: /dev/null/inferredProject3* watcher already invoked: false
[12:48:10.942] Elapsed:: 1.4459340050816536ms DirectoryWatcher:: Added:: WatchInfo: /home/eko/code/pizza/src/Contexts/ToppingContext/Effects/bower_components 1 undefined Project: /dev/null/inferredProject3* watcher already invoked: false
[12:48:10.942] DirectoryWatcher:: Added:: WatchInfo: /home/eko/code/pizza/src/Contexts/ToppingContext/Effects/node_modules
[12:48:10.942] DirectoryWatcher:: Added:: WatchInfo: /home/eko/code/pizza/src/Contexts/ToppingContext/Effects/node_modules 1 undefined Project: /dev/null/inferredProject3* watcher already invoked: false
[12:48:10.942] Elapsed:: 0.08505299687385559ms DirectoryWatcher:: Added:: WatchInfo: /home/eko/code/pizza/src/Contexts/ToppingContext/Effects/node_modules 1 undefined Project: /dev/null/inferredProject3* watcher already invoked: false
[12:48:10.942] Sending response:
    {"projectName":"/dev/null/inferredProject3*","typeAcquisition":{"enable":true,"include":[],"exclude":[]},"compilerOptions":{"module":1,"target":3,"jsx":1,"allowJs":true,"allowSyntheticDefaultImports":true,"allowNonTsExtensions":true,"noEmitForJsFiles":true},"typings":[],"unresolvedImports":[],"kind":"action::set"}
[12:48:10.942] Response has been sent.
[12:48:10.942] No new typings were requested as a result of typings discovery
[17:44:38.770] Got install request {"projectName":"/dev/null/inferredProject4*","fileNames":[],"compilerOptions":{"module":1,"target":3,"jsx":1,"allowJs":true,"allowSyntheticDefaultImports":true,"allowNonTsExtensions":true,"noEmitForJsFiles":true},"typeAcquisition":{"enable":true,"include":[],"exclude":[]},"unresolvedImports":[],"projectRootPath":"/home/eko/code/pizza/src/Contexts/ToppingContext/Effects","kind":"discover"}
[17:44:38.788] Explicitly included types: []
[17:44:38.788] Inferred typings from unresolved imports: []
[17:44:38.788] Result: {"cachedTypingPaths":[],"newTypingNames":[],"filesToWatch":["/home/eko/code/pizza/src/Contexts/ToppingContext/Effects/bower_components","/home/eko/code/pizza/src/Contexts/ToppingContext/Effects/node_modules"]}
[17:44:38.788] Finished typings discovery: {"cachedTypingPaths":[],"newTypingNames":[],"filesToWatch":["/home/eko/code/pizza/src/Contexts/ToppingContext/Effects/bower_components","/home/eko/code/pizza/src/Contexts/ToppingContext/Effects/node_modules"]}
[17:44:38.788] DirectoryWatcher:: Added:: WatchInfo: /home/eko/code/pizza/src/Contexts/ToppingContext/Effects/bower_components
[17:44:38.788] DirectoryWatcher:: Added:: WatchInfo: /home/eko/code/pizza/src/Contexts/ToppingContext/Effects/bower_components 1 undefined Project: /dev/null/inferredProject4* watcher already invoked: false
[17:44:38.788] Elapsed:: 0.019070997834205627ms DirectoryWatcher:: Added:: WatchInfo: /home/eko/code/pizza/src/Contexts/ToppingContext/Effects/bower_components 1 undefined Project: /dev/null/inferredProject4* watcher already invoked: false
[17:44:38.788] DirectoryWatcher:: Added:: WatchInfo: /home/eko/code/pizza/src/Contexts/ToppingContext/Effects/node_modules
[17:44:38.788] DirectoryWatcher:: Added:: WatchInfo: /home/eko/code/pizza/src/Contexts/ToppingContext/Effects/node_modules 1 undefined Project: /dev/null/inferredProject4* watcher already invoked: false
[17:44:38.788] Elapsed:: 0.012496992945671082ms DirectoryWatcher:: Added:: WatchInfo: /home/eko/code/pizza/src/Contexts/ToppingContext/Effects/node_modules 1 undefined Project: /dev/null/inferredProject4* watcher already invoked: false
[17:44:38.788] Sending response:
    {"projectName":"/dev/null/inferredProject4*","typeAcquisition":{"enable":true,"include":[],"exclude":[]},"compilerOptions":{"module":1,"target":3,"jsx":1,"allowJs":true,"allowSyntheticDefaultImports":true,"allowNonTsExtensions":true,"noEmitForJsFiles":true},"typings":[],"unresolvedImports":[],"kind":"action::set"}
[17:44:38.789] Response has been sent.
[17:44:38.789] No new typings were requested as a result of typings discovery
[17:44:45.032] Got install request {"projectName":"/dev/null/inferredProject4*","fileNames":[],"compilerOptions":{"module":1,"target":3,"jsx":1,"allowJs":true,"allowSyntheticDefaultImports":true,"allowNonTsExtensions":true,"noEmitForJsFiles":true},"typeAcquisition":{"enable":true,"include":[],"exclude":[]},"unresolvedImports":[],"projectRootPath":"/home/eko/code/pizza/src/Contexts/ToppingContext/Effects","kind":"discover"}
[17:44:45.032] Explicitly included types: []
[17:44:45.032] Inferred typings from unresolved imports: []
[17:44:45.032] Result: {"cachedTypingPaths":[],"newTypingNames":[],"filesToWatch":["/home/eko/code/pizza/src/Contexts/ToppingContext/Effects/bower_components","/home/eko/code/pizza/src/Contexts/ToppingContext/Effects/node_modules"]}
[17:44:45.032] Finished typings discovery: {"cachedTypingPaths":[],"newTypingNames":[],"filesToWatch":["/home/eko/code/pizza/src/Contexts/ToppingContext/Effects/bower_components","/home/eko/code/pizza/src/Contexts/ToppingContext/Effects/node_modules"]}
[17:44:45.033] Sending response:
    {"projectName":"/dev/null/inferredProject4*","typeAcquisition":{"enable":true,"include":[],"exclude":[]},"compilerOptions":{"module":1,"target":3,"jsx":1,"allowJs":true,"allowSyntheticDefaultImports":true,"allowNonTsExtensions":true,"noEmitForJsFiles":true},"typings":[],"unresolvedImports":[],"kind":"action::set"}
[17:44:45.033] Response has been sent.
[17:44:45.033] No new typings were requested as a result of typings discovery
